<?xml version="1.0" encoding="UTF-8"?>
<testsuite name="SILab2Test" tests="2" skipped="0" failures="0" errors="0" timestamp="2024-05-26T15:32:51" hostname="DESKTOP-1DF7RLL" time="0.104">
  <properties/>
  <testcase name="multipleConditionsTest()" classname="SILab2Test" time="0.09"/>
  <testcase name="everyBranchTest()" classname="SILab2Test" time="0.01"/>
  <system-out><![CDATA[]]></system-out>
  <system-err><![CDATA[]]></system-err>
</testsuite>
